{"date":"2024-03-11T09:31:43.703Z","level":"error","message":{},"service":"user-service"}
{"date":"2024-03-11T09:32:27.858Z","level":"error","message":{},"service":"user-service"}
{"date":"2024-03-11T09:32:37.125Z","level":"error","message":{"name":"SequelizeDatabaseError","original":{"code":"ER_PARSE_ERROR","errno":1064,"sql":"SELECT * from 'scs_accounts' where id = 149","sqlMessage":"You have an error in your SQL syntax; check the manual that corresponds to your MySQL server version for the right syntax to use near ''scs_accounts' where id = 149' at line 1","sqlState":"42000"},"parameters":{},"parent":{"code":"ER_PARSE_ERROR","errno":1064,"sql":"SELECT * from 'scs_accounts' where id = 149","sqlMessage":"You have an error in your SQL syntax; check the manual that corresponds to your MySQL server version for the right syntax to use near ''scs_accounts' where id = 149' at line 1","sqlState":"42000"},"sql":"SELECT * from 'scs_accounts' where id = 149"},"service":"user-service"}
{"date":"2024-03-11T10:44:37.728Z","level":"error","message":{"name":"SequelizeDatabaseError","original":{"code":"ER_PARSE_ERROR","errno":1064,"sql":"SELECT * from 'scs_accounts' where id = 149","sqlMessage":"You have an error in your SQL syntax; check the manual that corresponds to your MySQL server version for the right syntax to use near ''scs_accounts' where id = 149' at line 1","sqlState":"42000"},"parameters":{},"parent":{"code":"ER_PARSE_ERROR","errno":1064,"sql":"SELECT * from 'scs_accounts' where id = 149","sqlMessage":"You have an error in your SQL syntax; check the manual that corresponds to your MySQL server version for the right syntax to use near ''scs_accounts' where id = 149' at line 1","sqlState":"42000"},"sql":"SELECT * from 'scs_accounts' where id = 149"},"service":"user-service"}
{"date":"2024-03-11T10:46:27.715Z","level":"error","message":{},"method":"GET","service":"user-service","url":"/149"}
{"date":"2024-03-11T10:48:47.865Z","level":"error","message":{},"method":"GET","service":"user-service","url":"/149"}
{"date":"2024-03-11T10:49:21.280Z","level":"error","message":{},"method":"GET","service":"user-service","url":"/145"}
{"date":"2024-03-11T10:55:55.411Z","level":"error","message":{"name":"SequelizeConnectionError","original":{"code":"ETIMEDOUT","errorno":"ETIMEDOUT","fatal":true,"syscall":"connect"},"parent":{"code":"ETIMEDOUT","errorno":"ETIMEDOUT","fatal":true,"syscall":"connect"}},"service":"user-service"}
{"date":"2024-03-11T10:56:40.078Z","level":"error","message":{"name":"SequelizeConnectionError","original":{"code":"EAI_AGAIN","errno":-3001,"fatal":true,"hostname":"ecommerceplatform-db.cluster-cogocptcyo3p.us-east-2.rds.amazonaws.com","syscall":"getaddrinfo"},"parent":{"code":"EAI_AGAIN","errno":-3001,"fatal":true,"hostname":"ecommerceplatform-db.cluster-cogocptcyo3p.us-east-2.rds.amazonaws.com","syscall":"getaddrinfo"}},"service":"user-service"}
{"date":"2024-03-11T10:59:20.577Z","level":"error","message":{"name":"SequelizeConnectionError","original":{"code":"EAI_AGAIN","errno":-3001,"fatal":true,"hostname":"ecommerceplatform-db.cluster-cogocptcyo3p.us-east-2.rds.amazonaws.com","syscall":"getaddrinfo"},"parent":{"code":"EAI_AGAIN","errno":-3001,"fatal":true,"hostname":"ecommerceplatform-db.cluster-cogocptcyo3p.us-east-2.rds.amazonaws.com","syscall":"getaddrinfo"}},"service":"user-service"}
{"date":"2024-03-11T11:02:13.397Z","level":"error","message":{"name":"SequelizeConnectionError","original":{"code":"EAI_AGAIN","errno":-3001,"fatal":true,"hostname":"ecommerceplatform-db.cluster-cogocptcyo3p.us-east-2.rds.amazonaws.com","syscall":"getaddrinfo"},"parent":{"code":"EAI_AGAIN","errno":-3001,"fatal":true,"hostname":"ecommerceplatform-db.cluster-cogocptcyo3p.us-east-2.rds.amazonaws.com","syscall":"getaddrinfo"}},"service":"user-service"}
{"date":"2024-03-11T11:14:40.283Z","level":"error","message":{"name":"SequelizeConnectionError","original":{"code":"EAI_AGAIN","errno":-3001,"fatal":true,"hostname":"ecommerceplatform-db.cluster-cogocptcyo3p.us-east-2.rds.amazonaws.com","syscall":"getaddrinfo"},"parent":{"code":"EAI_AGAIN","errno":-3001,"fatal":true,"hostname":"ecommerceplatform-db.cluster-cogocptcyo3p.us-east-2.rds.amazonaws.com","syscall":"getaddrinfo"}},"service":"user-service"}
{"date":"2024-03-11T11:31:20.258Z","level":"error","message":{},"method":"GET","service":"user-service","url":"/109"}
{"date":"2024-03-11T11:31:39.003Z","level":"error","message":{},"method":"GET","service":"user-service","url":"/109"}
{"date":"2024-03-11T11:31:40.516Z","level":"error","message":{},"method":"GET","service":"user-service","url":"/109"}
{"date":"2024-03-11T11:31:42.660Z","level":"error","message":{},"method":"GET","service":"user-service","url":"/109"}
{"date":"2024-03-11T11:32:28.307Z","level":"error","message":{},"method":"GET","service":"user-service","url":"/109"}
{"date":"2024-03-11T11:32:50.038Z","level":"error","message":{},"method":"GET","service":"user-service","url":"/109"}
{"date":"2024-03-11T11:32:51.387Z","level":"error","message":{},"method":"GET","service":"user-service","url":"/109"}
{"date":"2024-03-11T11:32:54.548Z","level":"error","message":{},"method":"GET","service":"user-service","url":"/109"}
{"date":"2024-03-11T11:33:03.999Z","level":"error","message":{},"method":"GET","service":"user-service","url":"/109"}
{"date":"2024-03-11T11:33:23.115Z","level":"error","message":{},"method":"GET","service":"user-service","url":"/149"}
{"date":"2024-03-11T11:33:49.741Z","level":"error","message":{},"method":"GET","service":"user-service","url":"/109"}
{"date":"2024-03-11T11:34:30.170Z","level":"error","message":{"name":"SequelizeConnectionError","original":{"code":"EAI_AGAIN","errno":-3001,"fatal":true,"hostname":"ecommerceplatform-db.cluster-cogocptcyo3p.us-east-2.rds.amazonaws.com","syscall":"getaddrinfo"},"parent":{"code":"EAI_AGAIN","errno":-3001,"fatal":true,"hostname":"ecommerceplatform-db.cluster-cogocptcyo3p.us-east-2.rds.amazonaws.com","syscall":"getaddrinfo"}},"service":"user-service"}
{"date":"2024-03-11T11:50:19.712Z","level":"error","message":{"name":"SequelizeConnectionError","original":{"code":"EAI_AGAIN","errno":-3001,"fatal":true,"hostname":"ecommerceplatform-db.cluster-cogocptcyo3p.us-east-2.rds.amazonaws.com","syscall":"getaddrinfo"},"parent":{"code":"EAI_AGAIN","errno":-3001,"fatal":true,"hostname":"ecommerceplatform-db.cluster-cogocptcyo3p.us-east-2.rds.amazonaws.com","syscall":"getaddrinfo"}},"service":"user-service"}
{"date":"2024-03-11T11:52:04.611Z","level":"error","message":{"name":"SequelizeConnectionError","original":{"code":"EAI_AGAIN","errno":-3001,"fatal":true,"hostname":"ecommerceplatform-db.cluster-cogocptcyo3p.us-east-2.rds.amazonaws.com","syscall":"getaddrinfo"},"parent":{"code":"EAI_AGAIN","errno":-3001,"fatal":true,"hostname":"ecommerceplatform-db.cluster-cogocptcyo3p.us-east-2.rds.amazonaws.com","syscall":"getaddrinfo"}},"service":"user-service"}
{"date":"2024-03-11T11:52:34.432Z","level":"error","message":{"name":"SequelizeConnectionError","original":{"code":"EAI_AGAIN","errno":-3001,"fatal":true,"hostname":"ecommerceplatform-db.cluster-cogocptcyo3p.us-east-2.rds.amazonaws.com","syscall":"getaddrinfo"},"parent":{"code":"EAI_AGAIN","errno":-3001,"fatal":true,"hostname":"ecommerceplatform-db.cluster-cogocptcyo3p.us-east-2.rds.amazonaws.com","syscall":"getaddrinfo"}},"service":"user-service"}
{"date":"2024-03-11T11:53:20.326Z","level":"error","message":{"name":"SequelizeConnectionError","original":{"code":"EAI_AGAIN","errno":-3001,"fatal":true,"hostname":"ecommerceplatform-db.cluster-cogocptcyo3p.us-east-2.rds.amazonaws.com","syscall":"getaddrinfo"},"parent":{"code":"EAI_AGAIN","errno":-3001,"fatal":true,"hostname":"ecommerceplatform-db.cluster-cogocptcyo3p.us-east-2.rds.amazonaws.com","syscall":"getaddrinfo"}},"method":"GET","service":"user-service","url":"/109"}
{"date":"2024-03-11T11:53:51.929Z","level":"error","message":{"name":"SequelizeConnectionError","original":{"code":"EAI_AGAIN","errno":-3001,"fatal":true,"hostname":"ecommerceplatform-db.cluster-cogocptcyo3p.us-east-2.rds.amazonaws.com","syscall":"getaddrinfo"},"parent":{"code":"EAI_AGAIN","errno":-3001,"fatal":true,"hostname":"ecommerceplatform-db.cluster-cogocptcyo3p.us-east-2.rds.amazonaws.com","syscall":"getaddrinfo"}},"method":"GET","service":"user-service","url":"/109"}
{"date":"2024-03-11T11:54:22.769Z","level":"error","message":{"name":"SequelizeConnectionError","original":{"code":"EAI_AGAIN","errno":-3001,"fatal":true,"hostname":"ecommerceplatform-db.cluster-cogocptcyo3p.us-east-2.rds.amazonaws.com","syscall":"getaddrinfo"},"parent":{"code":"EAI_AGAIN","errno":-3001,"fatal":true,"hostname":"ecommerceplatform-db.cluster-cogocptcyo3p.us-east-2.rds.amazonaws.com","syscall":"getaddrinfo"}},"method":"GET","service":"user-service","url":"/109"}
{"date":"2024-03-11T11:54:24.669Z","level":"error","message":{"name":"SequelizeConnectionError","original":{"code":"EAI_AGAIN","errno":-3001,"fatal":true,"hostname":"ecommerceplatform-db.cluster-cogocptcyo3p.us-east-2.rds.amazonaws.com","syscall":"getaddrinfo"},"parent":{"code":"EAI_AGAIN","errno":-3001,"fatal":true,"hostname":"ecommerceplatform-db.cluster-cogocptcyo3p.us-east-2.rds.amazonaws.com","syscall":"getaddrinfo"}},"method":"GET","service":"user-service","url":"/109"}
{"date":"2024-03-11T11:54:26.705Z","level":"error","message":{"name":"SequelizeConnectionError","original":{"code":"EAI_AGAIN","errno":-3001,"fatal":true,"hostname":"ecommerceplatform-db.cluster-cogocptcyo3p.us-east-2.rds.amazonaws.com","syscall":"getaddrinfo"},"parent":{"code":"EAI_AGAIN","errno":-3001,"fatal":true,"hostname":"ecommerceplatform-db.cluster-cogocptcyo3p.us-east-2.rds.amazonaws.com","syscall":"getaddrinfo"}},"method":"GET","service":"user-service","url":"/109"}
{"date":"2024-03-11T11:54:36.768Z","level":"error","message":{"name":"SequelizeConnectionError","original":{"code":"EAI_AGAIN","errno":-3001,"fatal":true,"hostname":"ecommerceplatform-db.cluster-cogocptcyo3p.us-east-2.rds.amazonaws.com","syscall":"getaddrinfo"},"parent":{"code":"EAI_AGAIN","errno":-3001,"fatal":true,"hostname":"ecommerceplatform-db.cluster-cogocptcyo3p.us-east-2.rds.amazonaws.com","syscall":"getaddrinfo"}},"method":"GET","service":"user-service","url":"/109"}
{"date":"2024-03-11T11:54:42.608Z","level":"error","message":{"name":"SequelizeConnectionError","original":{"code":"EAI_AGAIN","errno":-3001,"fatal":true,"hostname":"ecommerceplatform-db.cluster-cogocptcyo3p.us-east-2.rds.amazonaws.com","syscall":"getaddrinfo"},"parent":{"code":"EAI_AGAIN","errno":-3001,"fatal":true,"hostname":"ecommerceplatform-db.cluster-cogocptcyo3p.us-east-2.rds.amazonaws.com","syscall":"getaddrinfo"}},"method":"GET","service":"user-service","url":"/109"}
{"date":"2024-03-11T11:54:44.006Z","level":"error","message":{"name":"SequelizeConnectionError","original":{"code":"EAI_AGAIN","errno":-3001,"fatal":true,"hostname":"ecommerceplatform-db.cluster-cogocptcyo3p.us-east-2.rds.amazonaws.com","syscall":"getaddrinfo"},"parent":{"code":"EAI_AGAIN","errno":-3001,"fatal":true,"hostname":"ecommerceplatform-db.cluster-cogocptcyo3p.us-east-2.rds.amazonaws.com","syscall":"getaddrinfo"}},"method":"GET","service":"user-service","url":"/109"}
{"date":"2024-03-11T11:54:45.987Z","level":"error","message":{"name":"SequelizeConnectionError","original":{"code":"EAI_AGAIN","errno":-3001,"fatal":true,"hostname":"ecommerceplatform-db.cluster-cogocptcyo3p.us-east-2.rds.amazonaws.com","syscall":"getaddrinfo"},"parent":{"code":"EAI_AGAIN","errno":-3001,"fatal":true,"hostname":"ecommerceplatform-db.cluster-cogocptcyo3p.us-east-2.rds.amazonaws.com","syscall":"getaddrinfo"}},"method":"GET","service":"user-service","url":"/109"}
{"date":"2024-03-11T11:54:50.668Z","level":"error","message":{"name":"SequelizeConnectionError","original":{"code":"EAI_AGAIN","errno":-3001,"fatal":true,"hostname":"ecommerceplatform-db.cluster-cogocptcyo3p.us-east-2.rds.amazonaws.com","syscall":"getaddrinfo"},"parent":{"code":"EAI_AGAIN","errno":-3001,"fatal":true,"hostname":"ecommerceplatform-db.cluster-cogocptcyo3p.us-east-2.rds.amazonaws.com","syscall":"getaddrinfo"}},"method":"GET","service":"user-service","url":"/109"}
{"date":"2024-03-11T11:54:52.713Z","level":"error","message":{"name":"SequelizeConnectionError","original":{"code":"EAI_AGAIN","errno":-3001,"fatal":true,"hostname":"ecommerceplatform-db.cluster-cogocptcyo3p.us-east-2.rds.amazonaws.com","syscall":"getaddrinfo"},"parent":{"code":"EAI_AGAIN","errno":-3001,"fatal":true,"hostname":"ecommerceplatform-db.cluster-cogocptcyo3p.us-east-2.rds.amazonaws.com","syscall":"getaddrinfo"}},"method":"GET","service":"user-service","url":"/109"}
{"date":"2024-03-11T11:55:41.605Z","level":"error","message":{"name":"SequelizeConnectionError","original":{"code":"EAI_AGAIN","errno":-3001,"fatal":true,"hostname":"ecommerceplatform-db.cluster-cogocptcyo3p.us-east-2.rds.amazonaws.com","syscall":"getaddrinfo"},"parent":{"code":"EAI_AGAIN","errno":-3001,"fatal":true,"hostname":"ecommerceplatform-db.cluster-cogocptcyo3p.us-east-2.rds.amazonaws.com","syscall":"getaddrinfo"}},"method":"GET","service":"user-service","url":"/109"}
{"date":"2024-03-11T11:55:43.478Z","level":"error","message":{"name":"SequelizeConnectionError","original":{"code":"EAI_AGAIN","errno":-3001,"fatal":true,"hostname":"ecommerceplatform-db.cluster-cogocptcyo3p.us-east-2.rds.amazonaws.com","syscall":"getaddrinfo"},"parent":{"code":"EAI_AGAIN","errno":-3001,"fatal":true,"hostname":"ecommerceplatform-db.cluster-cogocptcyo3p.us-east-2.rds.amazonaws.com","syscall":"getaddrinfo"}},"method":"GET","service":"user-service","url":"/109"}
{"date":"2024-03-11T11:55:45.168Z","level":"error","message":{"name":"SequelizeConnectionError","original":{"code":"EAI_AGAIN","errno":-3001,"fatal":true,"hostname":"ecommerceplatform-db.cluster-cogocptcyo3p.us-east-2.rds.amazonaws.com","syscall":"getaddrinfo"},"parent":{"code":"EAI_AGAIN","errno":-3001,"fatal":true,"hostname":"ecommerceplatform-db.cluster-cogocptcyo3p.us-east-2.rds.amazonaws.com","syscall":"getaddrinfo"}},"method":"GET","service":"user-service","url":"/109"}
{"date":"2024-03-11T11:55:45.873Z","level":"error","message":{"name":"SequelizeConnectionError","original":{"code":"EAI_AGAIN","errno":-3001,"fatal":true,"hostname":"ecommerceplatform-db.cluster-cogocptcyo3p.us-east-2.rds.amazonaws.com","syscall":"getaddrinfo"},"parent":{"code":"EAI_AGAIN","errno":-3001,"fatal":true,"hostname":"ecommerceplatform-db.cluster-cogocptcyo3p.us-east-2.rds.amazonaws.com","syscall":"getaddrinfo"}},"method":"GET","service":"user-service","url":"/109"}
{"date":"2024-03-11T11:55:46.612Z","level":"error","message":{"name":"SequelizeConnectionError","original":{"code":"EAI_AGAIN","errno":-3001,"fatal":true,"hostname":"ecommerceplatform-db.cluster-cogocptcyo3p.us-east-2.rds.amazonaws.com","syscall":"getaddrinfo"},"parent":{"code":"EAI_AGAIN","errno":-3001,"fatal":true,"hostname":"ecommerceplatform-db.cluster-cogocptcyo3p.us-east-2.rds.amazonaws.com","syscall":"getaddrinfo"}},"method":"GET","service":"user-service","url":"/109"}
{"date":"2024-03-11T11:55:47.276Z","level":"error","message":{"name":"SequelizeConnectionError","original":{"code":"EAI_AGAIN","errno":-3001,"fatal":true,"hostname":"ecommerceplatform-db.cluster-cogocptcyo3p.us-east-2.rds.amazonaws.com","syscall":"getaddrinfo"},"parent":{"code":"EAI_AGAIN","errno":-3001,"fatal":true,"hostname":"ecommerceplatform-db.cluster-cogocptcyo3p.us-east-2.rds.amazonaws.com","syscall":"getaddrinfo"}},"method":"GET","service":"user-service","url":"/109"}
{"date":"2024-03-11T11:56:54.345Z","level":"error","message":{"name":"SequelizeConnectionError","original":{"code":"EAI_AGAIN","errno":-3001,"fatal":true,"hostname":"ecommerceplatform-db.cluster-cogocptcyo3p.us-east-2.rds.amazonaws.com","syscall":"getaddrinfo"},"parent":{"code":"EAI_AGAIN","errno":-3001,"fatal":true,"hostname":"ecommerceplatform-db.cluster-cogocptcyo3p.us-east-2.rds.amazonaws.com","syscall":"getaddrinfo"}},"method":"GET","service":"user-service","url":"/109"}
{"date":"2024-03-11T11:56:55.895Z","level":"error","message":{"name":"SequelizeConnectionError","original":{"code":"EAI_AGAIN","errno":-3001,"fatal":true,"hostname":"ecommerceplatform-db.cluster-cogocptcyo3p.us-east-2.rds.amazonaws.com","syscall":"getaddrinfo"},"parent":{"code":"EAI_AGAIN","errno":-3001,"fatal":true,"hostname":"ecommerceplatform-db.cluster-cogocptcyo3p.us-east-2.rds.amazonaws.com","syscall":"getaddrinfo"}},"method":"GET","service":"user-service","url":"/109"}
{"date":"2024-03-11T11:56:56.415Z","level":"error","message":{"name":"SequelizeConnectionError","original":{"code":"EAI_AGAIN","errno":-3001,"fatal":true,"hostname":"ecommerceplatform-db.cluster-cogocptcyo3p.us-east-2.rds.amazonaws.com","syscall":"getaddrinfo"},"parent":{"code":"EAI_AGAIN","errno":-3001,"fatal":true,"hostname":"ecommerceplatform-db.cluster-cogocptcyo3p.us-east-2.rds.amazonaws.com","syscall":"getaddrinfo"}},"method":"GET","service":"user-service","url":"/109"}
{"date":"2024-03-11T11:56:56.606Z","level":"error","message":{"name":"SequelizeConnectionError","original":{"code":"EAI_AGAIN","errno":-3001,"fatal":true,"hostname":"ecommerceplatform-db.cluster-cogocptcyo3p.us-east-2.rds.amazonaws.com","syscall":"getaddrinfo"},"parent":{"code":"EAI_AGAIN","errno":-3001,"fatal":true,"hostname":"ecommerceplatform-db.cluster-cogocptcyo3p.us-east-2.rds.amazonaws.com","syscall":"getaddrinfo"}},"method":"GET","service":"user-service","url":"/109"}
{"date":"2024-03-11T11:56:57.383Z","level":"error","message":{"name":"SequelizeConnectionError","original":{"code":"EAI_AGAIN","errno":-3001,"fatal":true,"hostname":"ecommerceplatform-db.cluster-cogocptcyo3p.us-east-2.rds.amazonaws.com","syscall":"getaddrinfo"},"parent":{"code":"EAI_AGAIN","errno":-3001,"fatal":true,"hostname":"ecommerceplatform-db.cluster-cogocptcyo3p.us-east-2.rds.amazonaws.com","syscall":"getaddrinfo"}},"method":"GET","service":"user-service","url":"/109"}
{"date":"2024-03-11T11:56:57.566Z","level":"error","message":{"name":"SequelizeConnectionError","original":{"code":"EAI_AGAIN","errno":-3001,"fatal":true,"hostname":"ecommerceplatform-db.cluster-cogocptcyo3p.us-east-2.rds.amazonaws.com","syscall":"getaddrinfo"},"parent":{"code":"EAI_AGAIN","errno":-3001,"fatal":true,"hostname":"ecommerceplatform-db.cluster-cogocptcyo3p.us-east-2.rds.amazonaws.com","syscall":"getaddrinfo"}},"method":"GET","service":"user-service","url":"/109"}
{"date":"2024-03-11T11:56:57.744Z","level":"error","message":{"name":"SequelizeConnectionError","original":{"code":"EAI_AGAIN","errno":-3001,"fatal":true,"hostname":"ecommerceplatform-db.cluster-cogocptcyo3p.us-east-2.rds.amazonaws.com","syscall":"getaddrinfo"},"parent":{"code":"EAI_AGAIN","errno":-3001,"fatal":true,"hostname":"ecommerceplatform-db.cluster-cogocptcyo3p.us-east-2.rds.amazonaws.com","syscall":"getaddrinfo"}},"method":"GET","service":"user-service","url":"/109"}
{"date":"2024-03-11T11:56:57.919Z","level":"error","message":{"name":"SequelizeConnectionError","original":{"code":"EAI_AGAIN","errno":-3001,"fatal":true,"hostname":"ecommerceplatform-db.cluster-cogocptcyo3p.us-east-2.rds.amazonaws.com","syscall":"getaddrinfo"},"parent":{"code":"EAI_AGAIN","errno":-3001,"fatal":true,"hostname":"ecommerceplatform-db.cluster-cogocptcyo3p.us-east-2.rds.amazonaws.com","syscall":"getaddrinfo"}},"method":"GET","service":"user-service","url":"/109"}
{"date":"2024-03-11T11:56:58.086Z","level":"error","message":{"name":"SequelizeConnectionError","original":{"code":"EAI_AGAIN","errno":-3001,"fatal":true,"hostname":"ecommerceplatform-db.cluster-cogocptcyo3p.us-east-2.rds.amazonaws.com","syscall":"getaddrinfo"},"parent":{"code":"EAI_AGAIN","errno":-3001,"fatal":true,"hostname":"ecommerceplatform-db.cluster-cogocptcyo3p.us-east-2.rds.amazonaws.com","syscall":"getaddrinfo"}},"method":"GET","service":"user-service","url":"/109"}
{"date":"2024-03-11T11:56:58.478Z","level":"error","message":{"name":"SequelizeConnectionError","original":{"code":"EAI_AGAIN","errno":-3001,"fatal":true,"hostname":"ecommerceplatform-db.cluster-cogocptcyo3p.us-east-2.rds.amazonaws.com","syscall":"getaddrinfo"},"parent":{"code":"EAI_AGAIN","errno":-3001,"fatal":true,"hostname":"ecommerceplatform-db.cluster-cogocptcyo3p.us-east-2.rds.amazonaws.com","syscall":"getaddrinfo"}},"method":"GET","service":"user-service","url":"/109"}
{"date":"2024-03-11T11:56:58.677Z","level":"error","message":{"name":"SequelizeConnectionError","original":{"code":"EAI_AGAIN","errno":-3001,"fatal":true,"hostname":"ecommerceplatform-db.cluster-cogocptcyo3p.us-east-2.rds.amazonaws.com","syscall":"getaddrinfo"},"parent":{"code":"EAI_AGAIN","errno":-3001,"fatal":true,"hostname":"ecommerceplatform-db.cluster-cogocptcyo3p.us-east-2.rds.amazonaws.com","syscall":"getaddrinfo"}},"method":"GET","service":"user-service","url":"/109"}
{"date":"2024-03-11T11:57:57.865Z","level":"error","message":{"name":"SequelizeConnectionError","original":{"code":"EAI_AGAIN","errno":-3001,"fatal":true,"hostname":"ecommerceplatform-db.cluster-cogocptcyo3p.us-east-2.rds.amazonaws.com","syscall":"getaddrinfo"},"parent":{"code":"EAI_AGAIN","errno":-3001,"fatal":true,"hostname":"ecommerceplatform-db.cluster-cogocptcyo3p.us-east-2.rds.amazonaws.com","syscall":"getaddrinfo"}},"method":"GET","service":"user-service","url":"/109"}
{"date":"2024-03-11T12:03:11.657Z","level":"error","message":{},"method":"GET","service":"user-service","url":"/109"}
{"date":"2024-03-11T12:03:43.739Z","level":"error","message":{},"method":"GET","service":"user-service","url":"/109"}
{"date":"2024-03-11T12:03:56.224Z","level":"error","message":{},"method":"GET","service":"user-service","url":"/109"}
{"date":"2024-03-11T12:04:40.867Z","level":"error","message":{},"method":"GET","service":"user-service","url":"/109"}
{"date":"2024-03-11T12:13:31.952Z","level":"error","message":{"name":"SequelizeConnectionError","original":{"code":"ETIMEDOUT","errorno":"ETIMEDOUT","fatal":true,"syscall":"connect"},"parent":{"code":"ETIMEDOUT","errorno":"ETIMEDOUT","fatal":true,"syscall":"connect"}},"service":"user-service"}
{"date":"2024-03-12T07:35:15.913Z","level":"error","message":{"name":"SequelizeConnectionError","original":{"code":"ER_BAD_DB_ERROR","errno":1049,"sqlMessage":"Unknown database 'ecom_109'","sqlState":"42000"},"parent":{"code":"ER_BAD_DB_ERROR","errno":1049,"sqlMessage":"Unknown database 'ecom_109'","sqlState":"42000"}},"service":"user-service"}
{"date":"2024-03-12T09:36:30.933Z","level":"error","message":"Unknown column 'pottery' in 'where clause'","method":"POST","service":"user-service","url":"/login"}
{"date":"2024-03-12T09:38:33.059Z","level":"error","message":"Unknown column 'pottery' in 'where clause'","method":"POST","service":"user-service","url":"/login"}
{"date":"2024-03-12T09:38:42.894Z","level":"error","message":"Unknown column 'pottery' in 'where clause'","method":"POST","service":"user-service","url":"/login"}
{"date":"2024-03-12T09:41:33.167Z","level":"error","message":"Unknown column 'pottery' in 'where clause'","method":"POST","service":"user-service","url":"/login"}
{"date":"2024-03-12T09:54:17.012Z","level":"error","message":"Unknown column 'pottery' in 'where clause'","method":"POST","service":"user-service","url":"/login"}
{"date":"2024-03-12T09:55:35.616Z","level":"error","message":"Unknown column 'pottery' in 'where clause'","method":"POST","service":"user-service","url":"/login"}
{"date":"2024-03-12T10:09:42.495Z","level":"error","message":"Assignment to constant variable.","method":"POST","service":"user-service","url":"/login"}
{"date":"2024-03-12T10:12:50.218Z","level":"error","message":"cannot find any user assosiated with provided credentials","service":"user-service"}
{"date":"2024-03-12T10:12:50.221Z","level":"error","message":"Cannot read properties of undefined (reading 'status')","method":"POST","service":"user-service","url":"/login"}
{"date":"2024-03-12T10:13:19.043Z","level":"error","message":"cannot find any user assosiated with provided credentials","service":"user-service"}
{"date":"2024-03-12T10:13:19.045Z","level":"error","message":"res.status is not a function","method":"POST","service":"user-service","url":"/login"}
{"date":"2024-03-12T10:13:51.115Z","level":"error","message":"cannot find any user assosiated with provided credentials","service":"user-service"}
{"date":"2024-03-12T10:13:51.119Z","level":"error","message":"Cannot read properties of undefined (reading 'status')","method":"POST","service":"user-service","url":"/login"}
{"date":"2024-03-12T10:22:35.572Z","level":"error","message":"connect ECONNREFUSED 3.131.126.71:3306","method":"POST","service":"user-service","url":"/login"}
{"date":"2024-03-12T10:36:48.769Z","level":"error","message":"Please Check your Credentials and try again","service":"user-service"}
{"date":"2024-03-12T10:36:48.770Z","level":"error","message":"Cannot read properties of undefined (reading 'status')","method":"POST","service":"user-service","url":"/login"}
{"date":"2024-03-12T10:37:12.417Z","level":"error","message":"Please Check your credentials and try again","service":"user-service"}
{"date":"2024-03-12T10:37:12.420Z","level":"error","message":"Cannot read properties of undefined (reading 'status')","method":"POST","service":"user-service","url":"/login"}
{"date":"2024-03-12T10:42:30.517Z","level":"error","message":"Please Check your Credentials and try again","service":"user-service"}
{"date":"2024-03-12T10:42:30.518Z","level":"error","message":"Cannot read properties of undefined (reading 'status')","method":"POST","service":"user-service","url":"/login"}
{"date":"2024-03-12T10:44:23.323Z","level":"error","message":"Please Check your Credentials and try again","service":"user-service"}
{"date":"2024-03-12T10:44:23.324Z","level":"error","message":"Cannot read properties of undefined (reading 'status')","method":"POST","service":"user-service","url":"/login"}
{"date":"2024-03-12T10:44:36.231Z","level":"error","message":"Please Check your Credentials and try again","service":"user-service"}
{"date":"2024-03-12T10:44:36.232Z","level":"error","message":"Cannot read properties of undefined (reading 'status')","method":"POST","service":"user-service","url":"/login"}
{"date":"2024-03-12T10:45:10.025Z","level":"error","message":"Please Check your Credentials and try again","service":"user-service"}
{"date":"2024-03-12T10:45:10.025Z","level":"error","message":"Cannot read properties of undefined (reading 'status')","method":"POST","service":"user-service","url":"/login"}
{"date":"2024-03-12T10:47:08.889Z","level":"error","message":"Please Check your Credentials and try again","method":"POST","service":"user-service","url":"/login"}
{"date":"2024-03-12T12:07:06.686Z","level":"error","message":"Unauthorized","method":"GET","service":"user-service","url":"/categories/all?page=2&limit=5"}
{"date":"2024-03-12T12:07:09.989Z","level":"error","message":"Unauthorized","method":"GET","service":"user-service","url":"/categories/all?page=2&limit=5"}
{"date":"2024-03-12T12:07:12.074Z","level":"error","message":"Unauthorized","method":"GET","service":"user-service","url":"/categories/all?page=2&limit=5"}
{"date":"2024-03-12T12:07:12.837Z","level":"error","message":"Unauthorized","method":"GET","service":"user-service","url":"/categories/all?page=2&limit=5"}
{"date":"2024-03-12T12:07:13.505Z","level":"error","message":"Unauthorized","method":"GET","service":"user-service","url":"/categories/all?page=2&limit=5"}
{"date":"2024-03-12T12:07:14.328Z","level":"error","message":"Unauthorized","method":"GET","service":"user-service","url":"/categories/all?page=2&limit=5"}
{"date":"2024-03-12T12:07:26.595Z","level":"error","message":"Unauthorized","method":"GET","service":"user-service","url":"/categories/all?page=2&limit=5"}
{"date":"2024-03-12T12:07:33.287Z","level":"error","message":"Unauthorized","method":"GET","service":"user-service","url":"/categories/all?page=2&limit=5"}
{"date":"2024-03-12T12:13:28.830Z","level":"error","message":"Unathorized","method":"GET","service":"user-service","url":"/categories/all?page=2&limit=5"}
{"date":"2024-03-12T12:14:07.523Z","level":"error","message":"Unathorized","method":"GET","service":"user-service","url":"/categories/all?page=2&limit=5"}
{"date":"2024-03-12T12:14:11.361Z","level":"error","message":"Unathorized","method":"GET","service":"user-service","url":"/categories/all?page=2&limit=5"}
